# JRE version: Java(TM) SE Runtime Environment (7.0_45-b18) (build 1.7.0_45-b18)
# Java VM: Java HotSpot(TM) 64-Bit Server VM (24.45-b08 mixed mode bsd-amd64 compressed oops)
Heap
 PSYoungGen      total 402944K, used 314200K [0x00000007d5500000, 0x00000007ef400000, 0x0000000800000000)
  eden space 385536K, 77% used [0x00000007d5500000,0x00000007e79e4338,0x00000007ecd80000)
  from space 17408K, 82% used [0x00000007ee000000,0x00000007eedf20a8,0x00000007ef100000)
  to   space 18944K, 0% used [0x00000007ecd80000,0x00000007ecd80000,0x00000007ee000000)
 ParOldGen       total 273408K, used 48K [0x0000000780000000, 0x0000000790b00000, 0x00000007d5500000)
  object space 273408K, 0% used [0x0000000780000000,0x000000078000c000,0x0000000790b00000)
 PSPermGen       total 46080K, used 45743K [0x0000000760000000, 0x0000000762d00000, 0x0000000780000000)
  object space 46080K, 99% used [0x0000000760000000,0x0000000762cabc08,0x0000000762d00000)
GC Heap History (10 events):
Event: 7.241 GC heap before
{Heap before GC invocations=2 (full 0):
 PSYoungGen      total 119808K, used 110150K [0x00000007d5500000, 0x00000007e3f00000, 0x0000000800000000)
  eden space 102912K, 100% used [0x00000007d5500000,0x00000007db980000,0x00000007db980000)
  from space 16896K, 42% used [0x00000007db980000,0x00000007dc091940,0x00000007dca00000)
  to   space 16896K, 0% used [0x00000007e2e80000,0x00000007e2e80000,0x00000007e3f00000)
 ParOldGen       total 273408K, used 8K [0x0000000780000000, 0x0000000790b00000, 0x00000007d5500000)
  object space 273408K, 0% used [0x0000000780000000,0x0000000780002000,0x0000000790b00000)
 PSPermGen       total 21504K, used 11162K [0x0000000760000000, 0x0000000761500000, 0x0000000780000000)
  object space 21504K, 51% used [0x0000000760000000,0x0000000760ae6a28,0x0000000761500000)
Event: 7.251 GC heap after
Heap after GC invocations=2 (full 0):
 PSYoungGen      total 198144K, used 4518K [0x00000007d5500000, 0x00000007e3300000, 0x0000000800000000)
  eden space 193536K, 0% used [0x00000007d5500000,0x00000007d5500000,0x00000007e1200000)
  from space 4608K, 98% used [0x00000007e2e80000,0x00000007e32e9a20,0x00000007e3300000)
  to   space 16896K, 0% used [0x00000007e1200000,0x00000007e1200000,0x00000007e2280000)
 ParOldGen       total 273408K, used 16K [0x0000000780000000, 0x0000000790b00000, 0x00000007d5500000)
  object space 273408K, 0% used [0x0000000780000000,0x0000000780004000,0x0000000790b00000)
 PSPermGen       total 21504K, used 11162K [0x0000000760000000, 0x0000000761500000, 0x0000000780000000)
  object space 21504K, 51% used [0x0000000760000000,0x0000000760ae6a28,0x0000000761500000)
}
Event: 9.371 GC heap before
{Heap before GC invocations=3 (full 0):
 PSYoungGen      total 198144K, used 198054K [0x00000007d5500000, 0x00000007e3300000, 0x0000000800000000)
  eden space 193536K, 100% used [0x00000007d5500000,0x00000007e1200000,0x00000007e1200000)
  from space 4608K, 98% used [0x00000007e2e80000,0x00000007e32e9a20,0x00000007e3300000)
  to   space 16896K, 0% used [0x00000007e1200000,0x00000007e1200000,0x00000007e2280000)
 ParOldGen       total 273408K, used 16K [0x0000000780000000, 0x0000000790b00000, 0x00000007d5500000)
  object space 273408K, 0% used [0x0000000780000000,0x0000000780004000,0x0000000790b00000)
 PSPermGen       total 21504K, used 19993K [0x0000000760000000, 0x0000000761500000, 0x0000000780000000)
  object space 21504K, 92% used [0x0000000760000000,0x00000007613867a8,0x0000000761500000)
Event: 9.392 GC heap after
Heap after GC invocations=3 (full 0):
 PSYoungGen      total 210432K, used 10914K [0x00000007d5500000, 0x00000007e3300000, 0x0000000800000000)
  eden space 193536K, 0% used [0x00000007d5500000,0x00000007d5500000,0x00000007e1200000)
  from space 16896K, 64% used [0x00000007e1200000,0x00000007e1ca8a38,0x00000007e2280000)
  to   space 16896K, 0% used [0x00000007e2280000,0x00000007e2280000,0x00000007e3300000)
 ParOldGen       total 273408K, used 24K [0x0000000780000000, 0x0000000790b00000, 0x00000007d5500000)
  object space 273408K, 0% used [0x0000000780000000,0x0000000780006000,0x0000000790b00000)
 PSPermGen       total 21504K, used 19993K [0x0000000760000000, 0x0000000761500000, 0x0000000780000000)
  object space 21504K, 92% used [0x0000000760000000,0x00000007613867a8,0x0000000761500000)
}
Event: 11.696 GC heap before
{Heap before GC invocations=4 (full 0):
 PSYoungGen      total 210432K, used 204450K [0x00000007d5500000, 0x00000007e3300000, 0x0000000800000000)
  eden space 193536K, 100% used [0x00000007d5500000,0x00000007e1200000,0x00000007e1200000)
  from space 16896K, 64% used [0x00000007e1200000,0x00000007e1ca8a38,0x00000007e2280000)
  to   space 16896K, 0% used [0x00000007e2280000,0x00000007e2280000,0x00000007e3300000)
 ParOldGen       total 273408K, used 24K [0x0000000780000000, 0x0000000790b00000, 0x00000007d5500000)
  object space 273408K, 0% used [0x0000000780000000,0x0000000780006000,0x0000000790b00000)
 PSPermGen       total 28160K, used 27903K [0x0000000760000000, 0x0000000761b80000, 0x0000000780000000)
  object space 28160K, 99% used [0x0000000760000000,0x0000000761b3fc40,0x0000000761b80000)
Event: 11.728 GC heap after
Heap after GC invocations=4 (full 0):
 PSYoungGen      total 210432K, used 12403K [0x00000007d5500000, 0x00000007e3300000, 0x0000000800000000)
  eden space 193536K, 0% used [0x00000007d5500000,0x00000007d5500000,0x00000007e1200000)
  from space 16896K, 73% used [0x00000007e2280000,0x00000007e2e9cc88,0x00000007e3300000)
  to   space 16896K, 0% used [0x00000007e1200000,0x00000007e1200000,0x00000007e2280000)
 ParOldGen       total 273408K, used 32K [0x0000000780000000, 0x0000000790b00000, 0x00000007d5500000)
  object space 273408K, 0% used [0x0000000780000000,0x0000000780008000,0x0000000790b00000)
 PSPermGen       total 28160K, used 27903K [0x0000000760000000, 0x0000000761b80000, 0x0000000780000000)
  object space 28160K, 99% used [0x0000000760000000,0x0000000761b3fc40,0x0000000761b80000)
}
Event: 13.840 GC heap before
{Heap before GC invocations=5 (full 0):
 PSYoungGen      total 210432K, used 205939K [0x00000007d5500000, 0x00000007e3300000, 0x0000000800000000)
  eden space 193536K, 100% used [0x00000007d5500000,0x00000007e1200000,0x00000007e1200000)
  from space 16896K, 73% used [0x00000007e2280000,0x00000007e2e9cc88,0x00000007e3300000)
  to   space 16896K, 0% used [0x00000007e1200000,0x00000007e1200000,0x00000007e2280000)
 ParOldGen       total 273408K, used 32K [0x0000000780000000, 0x0000000790b00000, 0x00000007d5500000)
  object space 273408K, 0% used [0x0000000780000000,0x0000000780008000,0x0000000790b00000)
 PSPermGen       total 35328K, used 35024K [0x0000000760000000, 0x0000000762280000, 0x0000000780000000)
  object space 35328K, 99% used [0x0000000760000000,0x00000007622341b0,0x0000000762280000)
Event: 13.875 GC heap after
Heap after GC invocations=5 (full 0):
 PSYoungGen      total 210432K, used 14102K [0x00000007d5500000, 0x00000007ef100000, 0x0000000800000000)
  eden space 193536K, 0% used [0x00000007d5500000,0x00000007d5500000,0x00000007e1200000)
  from space 16896K, 83% used [0x00000007e1200000,0x00000007e1fc5a70,0x00000007e2280000)
  to   space 17408K, 0% used [0x00000007ee000000,0x00000007ee000000,0x00000007ef100000)
 ParOldGen       total 273408K, used 40K [0x0000000780000000, 0x0000000790b00000, 0x00000007d5500000)
  object space 273408K, 0% used [0x0000000780000000,0x000000078000a000,0x0000000790b00000)
 PSPermGen       total 35328K, used 35024K [0x0000000760000000, 0x0000000762280000, 0x0000000780000000)
  object space 35328K, 99% used [0x0000000760000000,0x00000007622341b0,0x0000000762280000)
}
Event: 17.171 GC heap before
{Heap before GC invocations=6 (full 0):
 PSYoungGen      total 210432K, used 207638K [0x00000007d5500000, 0x00000007ef100000, 0x0000000800000000)
  eden space 193536K, 100% used [0x00000007d5500000,0x00000007e1200000,0x00000007e1200000)
  from space 16896K, 83% used [0x00000007e1200000,0x00000007e1fc5a70,0x00000007e2280000)
  to   space 17408K, 0% used [0x00000007ee000000,0x00000007ee000000,0x00000007ef100000)
 ParOldGen       total 273408K, used 40K [0x0000000780000000, 0x0000000790b00000, 0x00000007d5500000)
  object space 273408K, 0% used [0x0000000780000000,0x000000078000a000,0x0000000790b00000)
 PSPermGen       total 37888K, used 37568K [0x0000000760000000, 0x0000000762500000, 0x0000000780000000)
  object space 37888K, 99% used [0x0000000760000000,0x00000007624b0380,0x0000000762500000)
Event: 17.205 GC heap after
Heap after GC invocations=6 (full 0):
 PSYoungGen      total 402944K, used 14280K [0x00000007d5500000, 0x00000007ef400000, 0x0000000800000000)
  eden space 385536K, 0% used [0x00000007d5500000,0x00000007d5500000,0x00000007ecd80000)
  from space 17408K, 82% used [0x00000007ee000000,0x00000007eedf20a8,0x00000007ef100000)
  to   space 18944K, 0% used [0x00000007ecd80000,0x00000007ecd80000,0x00000007ee000000)
 ParOldGen       total 273408K, used 48K [0x0000000780000000, 0x0000000790b00000, 0x00000007d5500000)
  object space 273408K, 0% used [0x0000000780000000,0x000000078000c000,0x0000000790b00000)
 PSPermGen       total 37888K, used 37568K [0x0000000760000000, 0x0000000762500000, 0x0000000780000000)
  object space 37888K, 99% used [0x0000000760000000,0x00000007624b0380,0x0000000762500000)
}

