# JRE version: Java(TM) SE Runtime Environment (7.0_45-b18) (build 1.7.0_45-b18)
# Java VM: Java HotSpot(TM) 64-Bit Server VM (24.45-b08 mixed mode bsd-amd64 compressed oops)
Heap
 PSYoungGen      total 215552K, used 33395K [0x00000007d5500000, 0x00000007ee880000, 0x0000000800000000)
  eden space 212480K, 14% used [0x00000007d5500000,0x00000007d731afc8,0x00000007e2480000)
  from space 3072K, 83% used [0x00000007ee580000,0x00000007ee801d40,0x00000007ee880000)
  to   space 12288K, 0% used [0x00000007ed080000,0x00000007ed080000,0x00000007edc80000)
 ParOldGen       total 87040K, used 36590K [0x0000000780000000, 0x0000000785500000, 0x00000007d5500000)
  object space 87040K, 42% used [0x0000000780000000,0x00000007823bb988,0x0000000785500000)
 PSPermGen       total 58880K, used 58539K [0x000000077ae00000, 0x000000077e780000, 0x0000000780000000)
  object space 58880K, 99% used [0x000000077ae00000,0x000000077e72ace0,0x000000077e780000)
GC Heap History (10 events):
Event: 26.655 GC heap before
{Heap before GC invocations=16 (full 0):
 PSYoungGen      total 272896K, used 272871K [0x00000007d5500000, 0x00000007f0a00000, 0x0000000800000000)
  eden space 263680K, 100% used [0x00000007d5500000,0x00000007e5680000,0x00000007e5680000)
  from space 9216K, 99% used [0x00000007e5680000,0x00000007e5f79cc0,0x00000007e5f80000)
  to   space 12800K, 0% used [0x00000007efd80000,0x00000007efd80000,0x00000007f0a00000)
 ParOldGen       total 87040K, used 25385K [0x0000000780000000, 0x0000000785500000, 0x00000007d5500000)
  object space 87040K, 29% used [0x0000000780000000,0x00000007818ca600,0x0000000785500000)
 PSPermGen       total 56320K, used 56280K [0x000000077ae00000, 0x000000077e500000, 0x0000000780000000)
  object space 56320K, 99% used [0x000000077ae00000,0x000000077e4f6240,0x000000077e500000)
Event: 26.680 GC heap after
Heap after GC invocations=16 (full 0):
 PSYoungGen      total 258560K, used 6035K [0x00000007d5500000, 0x00000007f0380000, 0x0000000800000000)
  eden space 252416K, 0% used [0x00000007d5500000,0x00000007d5500000,0x00000007e4b80000)
  from space 6144K, 98% used [0x00000007efd80000,0x00000007f0364d78,0x00000007f0380000)
  to   space 12288K, 0% used [0x00000007eeb80000,0x00000007eeb80000,0x00000007ef780000)
 ParOldGen       total 87040K, used 31950K [0x0000000780000000, 0x0000000785500000, 0x00000007d5500000)
  object space 87040K, 36% used [0x0000000780000000,0x0000000781f33b38,0x0000000785500000)
 PSPermGen       total 56320K, used 56280K [0x000000077ae00000, 0x000000077e500000, 0x0000000780000000)
  object space 56320K, 99% used [0x000000077ae00000,0x000000077e4f6240,0x000000077e500000)
}
Event: 42.897 GC heap before
{Heap before GC invocations=17 (full 0):
 PSYoungGen      total 258560K, used 258451K [0x00000007d5500000, 0x00000007f0380000, 0x0000000800000000)
  eden space 252416K, 100% used [0x00000007d5500000,0x00000007e4b80000,0x00000007e4b80000)
  from space 6144K, 98% used [0x00000007efd80000,0x00000007f0364d78,0x00000007f0380000)
  to   space 12288K, 0% used [0x00000007eeb80000,0x00000007eeb80000,0x00000007ef780000)
 ParOldGen       total 87040K, used 31950K [0x0000000780000000, 0x0000000785500000, 0x00000007d5500000)
  object space 87040K, 36% used [0x0000000780000000,0x0000000781f33b38,0x0000000785500000)
 PSPermGen       total 56832K, used 56612K [0x000000077ae00000, 0x000000077e580000, 0x0000000780000000)
  object space 56832K, 99% used [0x000000077ae00000,0x000000077e549040,0x000000077e580000)
Event: 42.906 GC heap after
Heap after GC invocations=17 (full 0):
 PSYoungGen      total 243712K, used 1937K [0x00000007d5500000, 0x00000007efe00000, 0x0000000800000000)
  eden space 241664K, 0% used [0x00000007d5500000,0x00000007d5500000,0x00000007e4100000)
  from space 2048K, 94% used [0x00000007eeb80000,0x00000007eed646f8,0x00000007eed80000)
  to   space 12800K, 0% used [0x00000007ef180000,0x00000007ef180000,0x00000007efe00000)
 ParOldGen       total 87040K, used 33603K [0x0000000780000000, 0x0000000785500000, 0x00000007d5500000)
  object space 87040K, 38% used [0x0000000780000000,0x00000007820d0ec8,0x0000000785500000)
 PSPermGen       total 56832K, used 56612K [0x000000077ae00000, 0x000000077e580000, 0x0000000780000000)
  object space 56832K, 99% used [0x000000077ae00000,0x000000077e549040,0x000000077e580000)
}
Event: 57.869 GC heap before
{Heap before GC invocations=18 (full 0):
 PSYoungGen      total 243712K, used 243601K [0x00000007d5500000, 0x00000007efe00000, 0x0000000800000000)
  eden space 241664K, 100% used [0x00000007d5500000,0x00000007e4100000,0x00000007e4100000)
  from space 2048K, 94% used [0x00000007eeb80000,0x00000007eed646f8,0x00000007eed80000)
  to   space 12800K, 0% used [0x00000007ef180000,0x00000007ef180000,0x00000007efe00000)
 ParOldGen       total 87040K, used 33603K [0x0000000780000000, 0x0000000785500000, 0x00000007d5500000)
  object space 87040K, 38% used [0x0000000780000000,0x00000007820d0ec8,0x0000000785500000)
 PSPermGen       total 56832K, used 56781K [0x000000077ae00000, 0x000000077e580000, 0x0000000780000000)
  object space 56832K, 99% used [0x000000077ae00000,0x000000077e573700,0x000000077e580000)
Event: 57.877 GC heap after
Heap after GC invocations=18 (full 0):
 PSYoungGen      total 233472K, used 1792K [0x00000007d5500000, 0x00000007ef380000, 0x0000000800000000)
  eden space 231424K, 0% used [0x00000007d5500000,0x00000007d5500000,0x00000007e3700000)
  from space 2048K, 87% used [0x00000007ef180000,0x00000007ef340040,0x00000007ef380000)
  to   space 12800K, 0% used [0x00000007eda80000,0x00000007eda80000,0x00000007ee700000)
 ParOldGen       total 87040K, used 34644K [0x0000000780000000, 0x0000000785500000, 0x00000007d5500000)
  object space 87040K, 39% used [0x0000000780000000,0x00000007821d5248,0x0000000785500000)
 PSPermGen       total 56832K, used 56781K [0x000000077ae00000, 0x000000077e580000, 0x0000000780000000)
  object space 56832K, 99% used [0x000000077ae00000,0x000000077e573700,0x000000077e580000)
}
Event: 71.444 GC heap before
{Heap before GC invocations=19 (full 0):
 PSYoungGen      total 233472K, used 233216K [0x00000007d5500000, 0x00000007ef380000, 0x0000000800000000)
  eden space 231424K, 100% used [0x00000007d5500000,0x00000007e3700000,0x00000007e3700000)
  from space 2048K, 87% used [0x00000007ef180000,0x00000007ef340040,0x00000007ef380000)
  to   space 12800K, 0% used [0x00000007eda80000,0x00000007eda80000,0x00000007ee700000)
 ParOldGen       total 87040K, used 34644K [0x0000000780000000, 0x0000000785500000, 0x00000007d5500000)
  object space 87040K, 39% used [0x0000000780000000,0x00000007821d5248,0x0000000785500000)
 PSPermGen       total 57344K, used 56902K [0x000000077ae00000, 0x000000077e600000, 0x0000000780000000)
  object space 57344K, 99% used [0x000000077ae00000,0x000000077e591ac0,0x000000077e600000)
Event: 71.452 GC heap after
Heap after GC invocations=19 (full 0):
 PSYoungGen      total 223744K, used 1664K [0x00000007d5500000, 0x00000007ef200000, 0x0000000800000000)
  eden space 221696K, 0% used [0x00000007d5500000,0x00000007d5500000,0x00000007e2d80000)
  from space 2048K, 81% used [0x00000007eda80000,0x00000007edc20020,0x00000007edc80000)
  to   space 12800K, 0% used [0x00000007ee580000,0x00000007ee580000,0x00000007ef200000)
 ParOldGen       total 87040K, used 35653K [0x0000000780000000, 0x0000000785500000, 0x00000007d5500000)
  object space 87040K, 40% used [0x0000000780000000,0x00000007822d1608,0x0000000785500000)
 PSPermGen       total 57344K, used 56902K [0x000000077ae00000, 0x000000077e600000, 0x0000000780000000)
  object space 57344K, 99% used [0x000000077ae00000,0x000000077e591ac0,0x000000077e600000)
}
Event: 85.730 GC heap before
{Heap before GC invocations=20 (full 0):
 PSYoungGen      total 223744K, used 223360K [0x00000007d5500000, 0x00000007ef200000, 0x0000000800000000)
  eden space 221696K, 100% used [0x00000007d5500000,0x00000007e2d80000,0x00000007e2d80000)
  from space 2048K, 81% used [0x00000007eda80000,0x00000007edc20020,0x00000007edc80000)
  to   space 12800K, 0% used [0x00000007ee580000,0x00000007ee580000,0x00000007ef200000)
 ParOldGen       total 87040K, used 35653K [0x0000000780000000, 0x0000000785500000, 0x00000007d5500000)
  object space 87040K, 40% used [0x0000000780000000,0x00000007822d1608,0x0000000785500000)
 PSPermGen       total 57856K, used 57758K [0x000000077ae00000, 0x000000077e680000, 0x0000000780000000)
  object space 57856K, 99% used [0x000000077ae00000,0x000000077e667b20,0x000000077e680000)
Event: 85.740 GC heap after
Heap after GC invocations=20 (full 0):
 PSYoungGen      total 215552K, used 2567K [0x00000007d5500000, 0x00000007ee880000, 0x0000000800000000)
  eden space 212480K, 0% used [0x00000007d5500000,0x00000007d5500000,0x00000007e2480000)
  from space 3072K, 83% used [0x00000007ee580000,0x00000007ee801d40,0x00000007ee880000)
  to   space 12288K, 0% used [0x00000007ed080000,0x00000007ed080000,0x00000007edc80000)
 ParOldGen       total 87040K, used 36590K [0x0000000780000000, 0x0000000785500000, 0x00000007d5500000)
  object space 87040K, 42% used [0x0000000780000000,0x00000007823bb988,0x0000000785500000)
 PSPermGen       total 57856K, used 57758K [0x000000077ae00000, 0x000000077e680000, 0x0000000780000000)
  object space 57856K, 99% used [0x000000077ae00000,0x000000077e667b20,0x000000077e680000)
}

