# JRE version: Java(TM) SE Runtime Environment (7.0_45-b18) (build 1.7.0_45-b18)
# Java VM: Java HotSpot(TM) 64-Bit Server VM (24.45-b08 mixed mode bsd-amd64 compressed oops)
Heap
 PSYoungGen      total 339456K, used 288K [0x0000000168d80000, 0x000000018fc80000, 0x0000000193880000)
  eden space 338944K, 0% used [0x0000000168d80000,0x0000000168d80000,0x000000017d880000)
  from space 512K, 56% used [0x000000018fb80000,0x000000018fbc8000,0x000000018fc00000)
  to   space 512K, 0% used [0x000000018fc00000,0x000000018fc00000,0x000000018fc80000)
 ParOldGen       total 977920K, used 977725K [0x0000000113880000, 0x000000014f380000, 0x0000000168d80000)
  object space 977920K, 99% used [0x0000000113880000,0x000000014f34f580,0x000000014f380000)
 PSPermGen       total 36864K, used 36718K [0x000000010e680000, 0x0000000110a80000, 0x0000000113880000)
  object space 36864K, 99% used [0x000000010e680000,0x0000000110a5ba48,0x0000000110a80000)
GC Heap History (10 events):
Event: 44146.021 GC heap after
Heap after GC invocations=11600 (full 43):
 PSYoungGen      total 398848K, used 288K [0x0000000168d80000, 0x000000018fc80000, 0x0000000193880000)
  eden space 398336K, 0% used [0x0000000168d80000,0x0000000168d80000,0x0000000181280000)
  from space 512K, 56% used [0x000000018fb80000,0x000000018fbc8000,0x000000018fc00000)
  to   space 512K, 0% used [0x000000018fc00000,0x000000018fc00000,0x000000018fc80000)
 ParOldGen       total 977920K, used 976645K [0x0000000113880000, 0x000000014f380000, 0x0000000168d80000)
  object space 977920K, 99% used [0x0000000113880000,0x000000014f241580,0x000000014f380000)
 PSPermGen       total 36864K, used 36718K [0x000000010e680000, 0x0000000110a80000, 0x0000000113880000)
  object space 36864K, 99% used [0x000000010e680000,0x0000000110a5ba48,0x0000000110a80000)
}
Event: 44148.247 GC heap before
{Heap before GC invocations=11601 (full 43):
 PSYoungGen      total 398848K, used 398624K [0x0000000168d80000, 0x000000018fc80000, 0x0000000193880000)
  eden space 398336K, 100% used [0x0000000168d80000,0x0000000181280000,0x0000000181280000)
  from space 512K, 56% used [0x000000018fb80000,0x000000018fbc8000,0x000000018fc00000)
  to   space 512K, 0% used [0x000000018fc00000,0x000000018fc00000,0x000000018fc80000)
 ParOldGen       total 977920K, used 976645K [0x0000000113880000, 0x000000014f380000, 0x0000000168d80000)
  object space 977920K, 99% used [0x0000000113880000,0x000000014f241580,0x000000014f380000)
 PSPermGen       total 36864K, used 36718K [0x000000010e680000, 0x0000000110a80000, 0x0000000113880000)
  object space 36864K, 99% used [0x000000010e680000,0x0000000110a5ba48,0x0000000110a80000)
Event: 44148.257 GC heap after
Heap after GC invocations=11601 (full 43):
 PSYoungGen      total 382976K, used 312K [0x0000000168d80000, 0x000000018fc80000, 0x0000000193880000)
  eden space 382464K, 0% used [0x0000000168d80000,0x0000000168d80000,0x0000000180300000)
  from space 512K, 60% used [0x000000018fc00000,0x000000018fc4e018,0x000000018fc80000)
  to   space 512K, 0% used [0x000000018fb80000,0x000000018fb80000,0x000000018fc00000)
 ParOldGen       total 977920K, used 976917K [0x0000000113880000, 0x000000014f380000, 0x0000000168d80000)
  object space 977920K, 99% used [0x0000000113880000,0x000000014f285580,0x000000014f380000)
 PSPermGen       total 36864K, used 36718K [0x000000010e680000, 0x0000000110a80000, 0x0000000113880000)
  object space 36864K, 99% used [0x000000010e680000,0x0000000110a5ba48,0x0000000110a80000)
}
Event: 44150.424 GC heap before
{Heap before GC invocations=11602 (full 43):
 PSYoungGen      total 382976K, used 382776K [0x0000000168d80000, 0x000000018fc80000, 0x0000000193880000)
  eden space 382464K, 100% used [0x0000000168d80000,0x0000000180300000,0x0000000180300000)
  from space 512K, 60% used [0x000000018fc00000,0x000000018fc4e018,0x000000018fc80000)
  to   space 512K, 0% used [0x000000018fb80000,0x000000018fb80000,0x000000018fc00000)
 ParOldGen       total 977920K, used 976917K [0x0000000113880000, 0x000000014f380000, 0x0000000168d80000)
  object space 977920K, 99% used [0x0000000113880000,0x000000014f285580,0x000000014f380000)
 PSPermGen       total 36864K, used 36718K [0x000000010e680000, 0x0000000110a80000, 0x0000000113880000)
  object space 36864K, 99% used [0x000000010e680000,0x0000000110a5ba48,0x0000000110a80000)
Event: 44150.434 GC heap after
Heap after GC invocations=11602 (full 43):
 PSYoungGen      total 367616K, used 344K [0x0000000168d80000, 0x000000018fc80000, 0x0000000193880000)
  eden space 367104K, 0% used [0x0000000168d80000,0x0000000168d80000,0x000000017f400000)
  from space 512K, 67% used [0x000000018fb80000,0x000000018fbd6018,0x000000018fc00000)
  to   space 512K, 0% used [0x000000018fc00000,0x000000018fc00000,0x000000018fc80000)
 ParOldGen       total 977920K, used 977165K [0x0000000113880000, 0x000000014f380000, 0x0000000168d80000)
  object space 977920K, 99% used [0x0000000113880000,0x000000014f2c3580,0x000000014f380000)
 PSPermGen       total 36864K, used 36718K [0x000000010e680000, 0x0000000110a80000, 0x0000000113880000)
  object space 36864K, 99% used [0x000000010e680000,0x0000000110a5ba48,0x0000000110a80000)
}
Event: 44152.487 GC heap before
{Heap before GC invocations=11603 (full 43):
 PSYoungGen      total 367616K, used 367448K [0x0000000168d80000, 0x000000018fc80000, 0x0000000193880000)
  eden space 367104K, 100% used [0x0000000168d80000,0x000000017f400000,0x000000017f400000)
  from space 512K, 67% used [0x000000018fb80000,0x000000018fbd6018,0x000000018fc00000)
  to   space 512K, 0% used [0x000000018fc00000,0x000000018fc00000,0x000000018fc80000)
 ParOldGen       total 977920K, used 977165K [0x0000000113880000, 0x000000014f380000, 0x0000000168d80000)
  object space 977920K, 99% used [0x0000000113880000,0x000000014f2c3580,0x000000014f380000)
 PSPermGen       total 36864K, used 36718K [0x000000010e680000, 0x0000000110a80000, 0x0000000113880000)
  object space 36864K, 99% used [0x000000010e680000,0x0000000110a5ba48,0x0000000110a80000)
Event: 44152.500 GC heap after
Heap after GC invocations=11603 (full 43):
 PSYoungGen      total 353280K, used 320K [0x0000000168d80000, 0x000000018fc80000, 0x0000000193880000)
  eden space 352768K, 0% used [0x0000000168d80000,0x0000000168d80000,0x000000017e600000)
  from space 512K, 62% used [0x000000018fc00000,0x000000018fc50000,0x000000018fc80000)
  to   space 512K, 0% used [0x000000018fb80000,0x000000018fb80000,0x000000018fc00000)
 ParOldGen       total 977920K, used 977437K [0x0000000113880000, 0x000000014f380000, 0x0000000168d80000)
  object space 977920K, 99% used [0x0000000113880000,0x000000014f307580,0x000000014f380000)
 PSPermGen       total 36864K, used 36718K [0x000000010e680000, 0x0000000110a80000, 0x0000000113880000)
  object space 36864K, 99% used [0x000000010e680000,0x0000000110a5ba48,0x0000000110a80000)
}
Event: 44154.420 GC heap before
{Heap before GC invocations=11604 (full 43):
 PSYoungGen      total 353280K, used 353088K [0x0000000168d80000, 0x000000018fc80000, 0x0000000193880000)
  eden space 352768K, 100% used [0x0000000168d80000,0x000000017e600000,0x000000017e600000)
  from space 512K, 62% used [0x000000018fc00000,0x000000018fc50000,0x000000018fc80000)
  to   space 512K, 0% used [0x000000018fb80000,0x000000018fb80000,0x000000018fc00000)
 ParOldGen       total 977920K, used 977437K [0x0000000113880000, 0x000000014f380000, 0x0000000168d80000)
  object space 977920K, 99% used [0x0000000113880000,0x000000014f307580,0x000000014f380000)
 PSPermGen       total 36864K, used 36718K [0x000000010e680000, 0x0000000110a80000, 0x0000000113880000)
  object space 36864K, 99% used [0x000000010e680000,0x0000000110a5ba48,0x0000000110a80000)
Event: 44154.429 GC heap after
Heap after GC invocations=11604 (full 43):
 PSYoungGen      total 339456K, used 288K [0x0000000168d80000, 0x000000018fc80000, 0x0000000193880000)
  eden space 338944K, 0% used [0x0000000168d80000,0x0000000168d80000,0x000000017d880000)
  from space 512K, 56% used [0x000000018fb80000,0x000000018fbc8000,0x000000018fc00000)
  to   space 512K, 0% used [0x000000018fc00000,0x000000018fc00000,0x000000018fc80000)
 ParOldGen       total 977920K, used 977725K [0x0000000113880000, 0x000000014f380000, 0x0000000168d80000)
  object space 977920K, 99% used [0x0000000113880000,0x000000014f34f580,0x000000014f380000)
 PSPermGen       total 36864K, used 36718K [0x000000010e680000, 0x0000000110a80000, 0x0000000113880000)
  object space 36864K, 99% used [0x000000010e680000,0x0000000110a5ba48,0x0000000110a80000)
}
Event: 44154.429 GC heap before
{Heap before GC invocations=11605 (full 44):
 PSYoungGen      total 339456K, used 288K [0x0000000168d80000, 0x000000018fc80000, 0x0000000193880000)
  eden space 338944K, 0% used [0x0000000168d80000,0x0000000168d80000,0x000000017d880000)
  from space 512K, 56% used [0x000000018fb80000,0x000000018fbc8000,0x000000018fc00000)
  to   space 512K, 0% used [0x000000018fc00000,0x000000018fc00000,0x000000018fc80000)
 ParOldGen       total 977920K, used 977725K [0x0000000113880000, 0x000000014f380000, 0x0000000168d80000)
  object space 977920K, 99% used [0x0000000113880000,0x000000014f34f580,0x000000014f380000)
 PSPermGen       total 36864K, used 36718K [0x000000010e680000, 0x0000000110a80000, 0x0000000113880000)
  object space 36864K, 99% used [0x000000010e680000,0x0000000110a5ba48,0x0000000110a80000)

