# JRE version: 7.0_10-b18
# Java VM: Java HotSpot(TM) 64-Bit Server VM (23.6-b04 mixed mode bsd-amd64 compressed oops)
Heap
 PSYoungGen      total 82560K, used 77364K [0x00000007e6600000, 0x00000007ebbc0000, 0x0000000800000000)
  eden space 78464K, 93% used [0x00000007e6600000,0x00000007eadf10d0,0x00000007eb2a0000)
  from space 4096K, 90% used [0x00000007eb700000,0x00000007eba9c030,0x00000007ebb00000)
  to   space 4480K, 0% used [0x00000007eb2a0000,0x00000007eb2a0000,0x00000007eb700000)
 ParOldGen       total 52480K, used 1311K [0x00000007b3200000, 0x00000007b6540000, 0x00000007e6600000)
  object space 52480K, 2% used [0x00000007b3200000,0x00000007b3347de8,0x00000007b6540000)
 PSPermGen       total 21248K, used 15289K [0x00000007ae000000, 0x00000007af4c0000, 0x00000007b3200000)
  object space 21248K, 71% used [0x00000007ae000000,0x00000007aeeee788,0x00000007af4c0000)
GC Heap History (10 events):
Event: 0.959 GC heap before
{Heap before GC invocations=2 (full 0):
 PSYoungGen      total 22976K, used 21603K [0x00000007e6600000, 0x00000007e7fa0000, 0x0000000800000000)
  eden space 19712K, 100% used [0x00000007e6600000,0x00000007e7940000,0x00000007e7940000)
  from space 3264K, 57% used [0x00000007e7940000,0x00000007e7b18cd0,0x00000007e7c70000)
  to   space 3264K, 0% used [0x00000007e7c70000,0x00000007e7c70000,0x00000007e7fa0000)
 ParOldGen       total 52480K, used 8K [0x00000007b3200000, 0x00000007b6540000, 0x00000007e6600000)
  object space 52480K, 0% used [0x00000007b3200000,0x00000007b3202000,0x00000007b6540000)
 PSPermGen       total 21248K, used 6631K [0x00000007ae000000, 0x00000007af4c0000, 0x00000007b3200000)
  object space 21248K, 31% used [0x00000007ae000000,0x00000007ae679c80,0x00000007af4c0000)
Event: 0.964 GC heap after
Heap after GC invocations=2 (full 0):
 PSYoungGen      total 22976K, used 2187K [0x00000007e6600000, 0x00000007e92e0000, 0x0000000800000000)
  eden space 19712K, 0% used [0x00000007e6600000,0x00000007e6600000,0x00000007e7940000)
  from space 3264K, 67% used [0x00000007e7c70000,0x00000007e7e92e48,0x00000007e7fa0000)
  to   space 3264K, 0% used [0x00000007e7940000,0x00000007e7940000,0x00000007e7c70000)
 ParOldGen       total 52480K, used 8K [0x00000007b3200000, 0x00000007b6540000, 0x00000007e6600000)
  object space 52480K, 0% used [0x00000007b3200000,0x00000007b3202000,0x00000007b6540000)
 PSPermGen       total 21248K, used 6631K [0x00000007ae000000, 0x00000007af4c0000, 0x00000007b3200000)
  object space 21248K, 31% used [0x00000007ae000000,0x00000007ae679c80,0x00000007af4c0000)
}
Event: 1.186 GC heap before
{Heap before GC invocations=3 (full 0):
 PSYoungGen      total 22976K, used 21899K [0x00000007e6600000, 0x00000007e92e0000, 0x0000000800000000)
  eden space 19712K, 100% used [0x00000007e6600000,0x00000007e7940000,0x00000007e7940000)
  from space 3264K, 67% used [0x00000007e7c70000,0x00000007e7e92e48,0x00000007e7fa0000)
  to   space 3264K, 0% used [0x00000007e7940000,0x00000007e7940000,0x00000007e7c70000)
 ParOldGen       total 52480K, used 8K [0x00000007b3200000, 0x00000007b6540000, 0x00000007e6600000)
  object space 52480K, 0% used [0x00000007b3200000,0x00000007b3202000,0x00000007b6540000)
 PSPermGen       total 21248K, used 7552K [0x00000007ae000000, 0x00000007af4c0000, 0x00000007b3200000)
  object space 21248K, 35% used [0x00000007ae000000,0x00000007ae760280,0x00000007af4c0000)
Event: 1.195 GC heap after
Heap after GC invocations=3 (full 0):
 PSYoungGen      total 22976K, used 2089K [0x00000007e6600000, 0x00000007e92e0000, 0x0000000800000000)
  eden space 19712K, 0% used [0x00000007e6600000,0x00000007e6600000,0x00000007e7940000)
  from space 3264K, 64% used [0x00000007e7940000,0x00000007e7b4a770,0x00000007e7c70000)
  to   space 3264K, 0% used [0x00000007e8fb0000,0x00000007e8fb0000,0x00000007e92e0000)
 ParOldGen       total 52480K, used 8K [0x00000007b3200000, 0x00000007b6540000, 0x00000007e6600000)
  object space 52480K, 0% used [0x00000007b3200000,0x00000007b3202000,0x00000007b6540000)
 PSPermGen       total 21248K, used 7552K [0x00000007ae000000, 0x00000007af4c0000, 0x00000007b3200000)
  object space 21248K, 35% used [0x00000007ae000000,0x00000007ae760280,0x00000007af4c0000)
}
Event: 1.457 GC heap before
{Heap before GC invocations=4 (full 0):
 PSYoungGen      total 22976K, used 21801K [0x00000007e6600000, 0x00000007e92e0000, 0x0000000800000000)
  eden space 19712K, 100% used [0x00000007e6600000,0x00000007e7940000,0x00000007e7940000)
  from space 3264K, 64% used [0x00000007e7940000,0x00000007e7b4a770,0x00000007e7c70000)
  to   space 3264K, 0% used [0x00000007e8fb0000,0x00000007e8fb0000,0x00000007e92e0000)
 ParOldGen       total 52480K, used 8K [0x00000007b3200000, 0x00000007b6540000, 0x00000007e6600000)
  object space 52480K, 0% used [0x00000007b3200000,0x00000007b3202000,0x00000007b6540000)
 PSPermGen       total 21248K, used 8649K [0x00000007ae000000, 0x00000007af4c0000, 0x00000007b3200000)
  object space 21248K, 40% used [0x00000007ae000000,0x00000007ae8724e8,0x00000007af4c0000)
Event: 1.473 GC heap after
Heap after GC invocations=4 (full 0):
 PSYoungGen      total 42688K, used 2494K [0x00000007e6600000, 0x00000007e92e0000, 0x0000000800000000)
  eden space 39424K, 0% used [0x00000007e6600000,0x00000007e6600000,0x00000007e8c80000)
  from space 3264K, 76% used [0x00000007e8fb0000,0x00000007e921fb60,0x00000007e92e0000)
  to   space 3264K, 0% used [0x00000007e8c80000,0x00000007e8c80000,0x00000007e8fb0000)
 ParOldGen       total 52480K, used 16K [0x00000007b3200000, 0x00000007b6540000, 0x00000007e6600000)
  object space 52480K, 0% used [0x00000007b3200000,0x00000007b3204000,0x00000007b6540000)
 PSPermGen       total 21248K, used 8649K [0x00000007ae000000, 0x00000007af4c0000, 0x00000007b3200000)
  object space 21248K, 40% used [0x00000007ae000000,0x00000007ae8724e8,0x00000007af4c0000)
}
Event: 6.230 GC heap before
{Heap before GC invocations=5 (full 0):
 PSYoungGen      total 42688K, used 41918K [0x00000007e6600000, 0x00000007e92e0000, 0x0000000800000000)
  eden space 39424K, 100% used [0x00000007e6600000,0x00000007e8c80000,0x00000007e8c80000)
  from space 3264K, 76% used [0x00000007e8fb0000,0x00000007e921fb60,0x00000007e92e0000)
  to   space 3264K, 0% used [0x00000007e8c80000,0x00000007e8c80000,0x00000007e8fb0000)
 ParOldGen       total 52480K, used 16K [0x00000007b3200000, 0x00000007b6540000, 0x00000007e6600000)
  object space 52480K, 0% used [0x00000007b3200000,0x00000007b3204000,0x00000007b6540000)
 PSPermGen       total 21248K, used 11741K [0x00000007ae000000, 0x00000007af4c0000, 0x00000007b3200000)
  object space 21248K, 55% used [0x00000007ae000000,0x00000007aeb774a8,0x00000007af4c0000)
Event: 6.246 GC heap after
Heap after GC invocations=5 (full 0):
 PSYoungGen      total 42688K, used 3244K [0x00000007e6600000, 0x00000007ebb00000, 0x0000000800000000)
  eden space 39424K, 0% used [0x00000007e6600000,0x00000007e6600000,0x00000007e8c80000)
  from space 3264K, 99% used [0x00000007e8c80000,0x00000007e8fab160,0x00000007e8fb0000)
  to   space 4096K, 0% used [0x00000007eb700000,0x00000007eb700000,0x00000007ebb00000)
 ParOldGen       total 52480K, used 1311K [0x00000007b3200000, 0x00000007b6540000, 0x00000007e6600000)
  object space 52480K, 2% used [0x00000007b3200000,0x00000007b3347de8,0x00000007b6540000)
 PSPermGen       total 21248K, used 11741K [0x00000007ae000000, 0x00000007af4c0000, 0x00000007b3200000)
  object space 21248K, 55% used [0x00000007ae000000,0x00000007aeb774a8,0x00000007af4c0000)
}
Event: 9.518 GC heap before
{Heap before GC invocations=6 (full 0):
 PSYoungGen      total 42688K, used 42668K [0x00000007e6600000, 0x00000007ebb00000, 0x0000000800000000)
  eden space 39424K, 100% used [0x00000007e6600000,0x00000007e8c80000,0x00000007e8c80000)
  from space 3264K, 99% used [0x00000007e8c80000,0x00000007e8fab160,0x00000007e8fb0000)
  to   space 4096K, 0% used [0x00000007eb700000,0x00000007eb700000,0x00000007ebb00000)
 ParOldGen       total 52480K, used 1311K [0x00000007b3200000, 0x00000007b6540000, 0x00000007e6600000)
  object space 52480K, 2% used [0x00000007b3200000,0x00000007b3347de8,0x00000007b6540000)
 PSPermGen       total 21248K, used 12221K [0x00000007ae000000, 0x00000007af4c0000, 0x00000007b3200000)
  object space 21248K, 57% used [0x00000007ae000000,0x00000007aebef7d8,0x00000007af4c0000)
Event: 9.528 GC heap after
Heap after GC invocations=6 (full 0):
 PSYoungGen      total 82560K, used 3696K [0x00000007e6600000, 0x00000007ebbc0000, 0x0000000800000000)
  eden space 78464K, 0% used [0x00000007e6600000,0x00000007e6600000,0x00000007eb2a0000)
  from space 4096K, 90% used [0x00000007eb700000,0x00000007eba9c030,0x00000007ebb00000)
  to   space 4480K, 0% used [0x00000007eb2a0000,0x00000007eb2a0000,0x00000007eb700000)
 ParOldGen       total 52480K, used 1311K [0x00000007b3200000, 0x00000007b6540000, 0x00000007e6600000)
  object space 52480K, 2% used [0x00000007b3200000,0x00000007b3347de8,0x00000007b6540000)
 PSPermGen       total 21248K, used 12221K [0x00000007ae000000, 0x00000007af4c0000, 0x00000007b3200000)
  object space 21248K, 57% used [0x00000007ae000000,0x00000007aebef7d8,0x00000007af4c0000)
}

