# JRE version: 7.0_10-b18
# Java VM: Java HotSpot(TM) 64-Bit Server VM (23.6-b04 mixed mode bsd-amd64 compressed oops)
Heap
 PSYoungGen      total 256512K, used 163240K [0x00000007e6960000, 0x0000000800000000, 0x0000000800000000)
  eden space 247168K, 62% used [0x00000007e6960000,0x00000007f00238f0,0x00000007f5ac0000)
  from space 9344K, 94% used [0x00000007f5ac0000,0x00000007f6366760,0x00000007f63e0000)
  to   space 10432K, 0% used [0x00000007ff5d0000,0x00000007ff5d0000,0x0000000800000000)
 ParOldGen       total 52096K, used 15930K [0x00000007b3c00000, 0x00000007b6ee0000, 0x00000007e6960000)
  object space 52096K, 30% used [0x00000007b3c00000,0x00000007b4b8eaa8,0x00000007b6ee0000)
 PSPermGen       total 43712K, used 43693K [0x00000007abc00000, 0x00000007ae6b0000, 0x00000007b3c00000)
  object space 43712K, 99% used [0x00000007abc00000,0x00000007ae6ab4d0,0x00000007ae6b0000)
GC Heap History (10 events):
Event: 3.927 GC heap before
{Heap before GC invocations=7 (full 0):
 PSYoungGen      total 82880K, used 81950K [0x00000007e6960000, 0x00000007ebf00000, 0x0000000800000000)
  eden space 78272K, 100% used [0x00000007e6960000,0x00000007eb5d0000,0x00000007eb5d0000)
  from space 4608K, 79% used [0x00000007eba60000,0x00000007ebdf7a18,0x00000007ebee0000)
  to   space 4672K, 0% used [0x00000007eb5d0000,0x00000007eb5d0000,0x00000007eba60000)
 ParOldGen       total 52096K, used 1583K [0x00000007b3c00000, 0x00000007b6ee0000, 0x00000007e6960000)
  object space 52096K, 3% used [0x00000007b3c00000,0x00000007b3d8be98,0x00000007b6ee0000)
 PSPermGen       total 21248K, used 13903K [0x00000007abc00000, 0x00000007ad0c0000, 0x00000007b3c00000)
  object space 21248K, 65% used [0x00000007abc00000,0x00000007ac993f18,0x00000007ad0c0000)
Event: 3.942 GC heap after
Heap after GC invocations=7 (full 0):
 PSYoungGen      total 82944K, used 2682K [0x00000007e6960000, 0x00000007f0b40000, 0x0000000800000000)
  eden space 78272K, 0% used [0x00000007e6960000,0x00000007e6960000,0x00000007eb5d0000)
  from space 4672K, 57% used [0x00000007eb5d0000,0x00000007eb86ea10,0x00000007eba60000)
  to   space 4608K, 0% used [0x00000007f06c0000,0x00000007f06c0000,0x00000007f0b40000)
 ParOldGen       total 52096K, used 2984K [0x00000007b3c00000, 0x00000007b6ee0000, 0x00000007e6960000)
  object space 52096K, 5% used [0x00000007b3c00000,0x00000007b3eea088,0x00000007b6ee0000)
 PSPermGen       total 21248K, used 13903K [0x00000007abc00000, 0x00000007ad0c0000, 0x00000007b3c00000)
  object space 21248K, 65% used [0x00000007abc00000,0x00000007ac993f18,0x00000007ad0c0000)
}
Event: 5.071 GC heap before
{Heap before GC invocations=8 (full 0):
 PSYoungGen      total 82944K, used 80954K [0x00000007e6960000, 0x00000007f0b40000, 0x0000000800000000)
  eden space 78272K, 100% used [0x00000007e6960000,0x00000007eb5d0000,0x00000007eb5d0000)
  from space 4672K, 57% used [0x00000007eb5d0000,0x00000007eb86ea10,0x00000007eba60000)
  to   space 4608K, 0% used [0x00000007f06c0000,0x00000007f06c0000,0x00000007f0b40000)
 ParOldGen       total 52096K, used 2984K [0x00000007b3c00000, 0x00000007b6ee0000, 0x00000007e6960000)
  object space 52096K, 5% used [0x00000007b3c00000,0x00000007b3eea088,0x00000007b6ee0000)
 PSPermGen       total 21248K, used 17319K [0x00000007abc00000, 0x00000007ad0c0000, 0x00000007b3c00000)
  object space 21248K, 81% used [0x00000007abc00000,0x00000007acce9e40,0x00000007ad0c0000)
Event: 5.090 GC heap after
Heap after GC invocations=8 (full 0):
 PSYoungGen      total 160768K, used 4460K [0x00000007e6960000, 0x00000007f0c00000, 0x0000000800000000)
  eden space 156160K, 0% used [0x00000007e6960000,0x00000007e6960000,0x00000007f01e0000)
  from space 4608K, 96% used [0x00000007f06c0000,0x00000007f0b1b020,0x00000007f0b40000)
  to   space 4992K, 0% used [0x00000007f01e0000,0x00000007f01e0000,0x00000007f06c0000)
 ParOldGen       total 52096K, used 3676K [0x00000007b3c00000, 0x00000007b6ee0000, 0x00000007e6960000)
  object space 52096K, 7% used [0x00000007b3c00000,0x00000007b3f97098,0x00000007b6ee0000)
 PSPermGen       total 21248K, used 17319K [0x00000007abc00000, 0x00000007ad0c0000, 0x00000007b3c00000)
  object space 21248K, 81% used [0x00000007abc00000,0x00000007acce9e40,0x00000007ad0c0000)
}
Event: 6.913 GC heap before
{Heap before GC invocations=9 (full 0):
 PSYoungGen      total 160768K, used 160620K [0x00000007e6960000, 0x00000007f0c00000, 0x0000000800000000)
  eden space 156160K, 100% used [0x00000007e6960000,0x00000007f01e0000,0x00000007f01e0000)
  from space 4608K, 96% used [0x00000007f06c0000,0x00000007f0b1b020,0x00000007f0b40000)
  to   space 4992K, 0% used [0x00000007f01e0000,0x00000007f01e0000,0x00000007f06c0000)
 ParOldGen       total 52096K, used 3676K [0x00000007b3c00000, 0x00000007b6ee0000, 0x00000007e6960000)
  object space 52096K, 7% used [0x00000007b3c00000,0x00000007b3f97098,0x00000007b6ee0000)
 PSPermGen       total 23552K, used 23435K [0x00000007abc00000, 0x00000007ad300000, 0x00000007b3c00000)
  object space 23552K, 99% used [0x00000007abc00000,0x00000007ad2e2c10,0x00000007ad300000)
Event: 6.933 GC heap after
Heap after GC invocations=9 (full 0):
 PSYoungGen      total 161152K, used 4960K [0x00000007e6960000, 0x00000007f6a60000, 0x0000000800000000)
  eden space 156160K, 0% used [0x00000007e6960000,0x00000007e6960000,0x00000007f01e0000)
  from space 4992K, 99% used [0x00000007f01e0000,0x00000007f06b81c8,0x00000007f06c0000)
  to   space 6656K, 0% used [0x00000007f63e0000,0x00000007f63e0000,0x00000007f6a60000)
 ParOldGen       total 52096K, used 6630K [0x00000007b3c00000, 0x00000007b6ee0000, 0x00000007e6960000)
  object space 52096K, 12% used [0x00000007b3c00000,0x00000007b42799f0,0x00000007b6ee0000)
 PSPermGen       total 23552K, used 23435K [0x00000007abc00000, 0x00000007ad300000, 0x00000007b3c00000)
  object space 23552K, 99% used [0x00000007abc00000,0x00000007ad2e2c10,0x00000007ad300000)
}
Event: 8.971 GC heap before
{Heap before GC invocations=10 (full 0):
 PSYoungGen      total 161152K, used 161120K [0x00000007e6960000, 0x00000007f6a60000, 0x0000000800000000)
  eden space 156160K, 100% used [0x00000007e6960000,0x00000007f01e0000,0x00000007f01e0000)
  from space 4992K, 99% used [0x00000007f01e0000,0x00000007f06b81c8,0x00000007f06c0000)
  to   space 6656K, 0% used [0x00000007f63e0000,0x00000007f63e0000,0x00000007f6a60000)
 ParOldGen       total 52096K, used 6630K [0x00000007b3c00000, 0x00000007b6ee0000, 0x00000007e6960000)
  object space 52096K, 12% used [0x00000007b3c00000,0x00000007b42799f0,0x00000007b6ee0000)
 PSPermGen       total 32384K, used 32265K [0x00000007abc00000, 0x00000007adba0000, 0x00000007b3c00000)
  object space 32384K, 99% used [0x00000007abc00000,0x00000007adb82718,0x00000007adba0000)
Event: 9.009 GC heap after
Heap after GC invocations=10 (full 0):
 PSYoungGen      total 253824K, used 6633K [0x00000007e6960000, 0x00000007f6fa0000, 0x0000000800000000)
  eden space 247168K, 0% used [0x00000007e6960000,0x00000007e6960000,0x00000007f5ac0000)
  from space 6656K, 99% used [0x00000007f63e0000,0x00000007f6a5a488,0x00000007f6a60000)
  to   space 9344K, 0% used [0x00000007f5ac0000,0x00000007f5ac0000,0x00000007f63e0000)
 ParOldGen       total 52096K, used 11922K [0x00000007b3c00000, 0x00000007b6ee0000, 0x00000007e6960000)
  object space 52096K, 22% used [0x00000007b3c00000,0x00000007b47a4a88,0x00000007b6ee0000)
 PSPermGen       total 32384K, used 32265K [0x00000007abc00000, 0x00000007adba0000, 0x00000007b3c00000)
  object space 32384K, 99% used [0x00000007abc00000,0x00000007adb82718,0x00000007adba0000)
}
Event: 12.336 GC heap before
{Heap before GC invocations=11 (full 0):
 PSYoungGen      total 253824K, used 253801K [0x00000007e6960000, 0x00000007f6fa0000, 0x0000000800000000)
  eden space 247168K, 100% used [0x00000007e6960000,0x00000007f5ac0000,0x00000007f5ac0000)
  from space 6656K, 99% used [0x00000007f63e0000,0x00000007f6a5a488,0x00000007f6a60000)
  to   space 9344K, 0% used [0x00000007f5ac0000,0x00000007f5ac0000,0x00000007f63e0000)
 ParOldGen       total 52096K, used 11922K [0x00000007b3c00000, 0x00000007b6ee0000, 0x00000007e6960000)
  object space 52096K, 22% used [0x00000007b3c00000,0x00000007b47a4a88,0x00000007b6ee0000)
 PSPermGen       total 37952K, used 37772K [0x00000007abc00000, 0x00000007ae110000, 0x00000007b3c00000)
  object space 37952K, 99% used [0x00000007abc00000,0x00000007ae0e3050,0x00000007ae110000)
Event: 12.379 GC heap after
Heap after GC invocations=11 (full 0):
 PSYoungGen      total 256512K, used 8857K [0x00000007e6960000, 0x0000000800000000, 0x0000000800000000)
  eden space 247168K, 0% used [0x00000007e6960000,0x00000007e6960000,0x00000007f5ac0000)
  from space 9344K, 94% used [0x00000007f5ac0000,0x00000007f6366760,0x00000007f63e0000)
  to   space 10432K, 0% used [0x00000007ff5d0000,0x00000007ff5d0000,0x0000000800000000)
 ParOldGen       total 52096K, used 15930K [0x00000007b3c00000, 0x00000007b6ee0000, 0x00000007e6960000)
  object space 52096K, 30% used [0x00000007b3c00000,0x00000007b4b8eaa8,0x00000007b6ee0000)
 PSPermGen       total 37952K, used 37772K [0x00000007abc00000, 0x00000007ae110000, 0x00000007b3c00000)
  object space 37952K, 99% used [0x00000007abc00000,0x00000007ae0e3050,0x00000007ae110000)
}

